#
# A fatal error has been detected by the Java Runtime Environment:
#
#  EXCEPTION_ACCESS_VIOLATION (0xc0000005) at pc=0x000000000759aeb7, pid=15336, tid=0x0000000000002a1c
#
# JRE version: OpenJDK Runtime Environment (8.0_76-b03) (build 1.8.0_76-release-b03)
# Java VM: OpenJDK 64-Bit Server VM (25.76-b03 mixed mode windows-amd64 compressed oops)
# Problematic frame:
# V  [jvm.dll+0x1eaeb7]
#
# Failed to write core dump. Minidumps are not enabled by default on client versions of Windows
#
# If you would like to submit a bug report, please visit:
#   http://bugreport.java.com/bugreport/crash.jsp
#

---------------  T H R E A D  ---------------

Current thread (0x0000000006caa800):  JavaThread "qtp691096777-21" [_thread_in_vm, id=10780, stack(0x0000000006210000,0x0000000006310000)]

siginfo: ExceptionCode=0xc0000005, writing address 0x000000000630a5f0

Registers:
RAX=0x000000000630a5f0, RBX=0x0000000000000006, RCX=0x0000000000005000, RDX=0x0000000000000006
RSP=0x000000000630f5f0, RBP=0x0000000000000000, RSI=0x000000000630f5f0, RDI=0x0000000000000006
R8 =0x0000000000000006, R9 =0x000000005cd4f240, R10=0x000000000391d900, R11=0x000000000621a148
R12=0x000000005cd4f240, R13=0x0000000006caa800, R14=0x000000000630f6b8, R15=0x000000000391d900
RIP=0x000000000759aeb7, EFLAGS=0x0000000000010206

Top of Stack: (sp=0x000000000630f5f0)
0x000000000630f5f0:   0000000000000000 0000000000000000
0x000000000630f600:   0000000006caa800 000000005cd4f240
0x000000000630f610:   00000000ffffffff 000000000759bde7
0x000000000630f620:   000000000630f720 000000000391d900
0x000000000630f630:   0000000006caa800 000000000744aa53
0x000000000630f640:   000000000630f680 0000000006caa800
0x000000000630f650:   000000000630f710 0000000006caa800
0x000000000630f660:   000000000391d900 0000000006caa800
0x000000000630f670:   0000000007c00e00 0000000006caa800
0x000000000630f680:   000000000391d900 0000000006caa800
0x000000000630f690:   000000000391d900 0000000006caa800
0x000000000630f6a0:   0000000000000001 000000000391d900
0x000000000630f6b0:   0000000006caa800 000000006825a2a0
0x000000000630f6c0:   0000000006caa800 000000000744bf3d
0x000000000630f6d0:   000000000630f9d8 000000001ab866b0
0x000000000630f6e0:   000000001ab866b0 0000000002110000 

Instructions: (pc=0x000000000759aeb7)
0x000000000759ae97:   48 89 6c 24 30 33 ed 66 90 e8 4b b8 07 00 ff c3
0x000000000759aea7:   48 63 c8 48 8b c6 48 0f af cf 48 ff c7 48 2b c1
0x000000000759aeb7:   89 28 48 63 c3 48 3b 05 cd d6 56 00 7e db 48 8b
0x000000000759aec7:   6c 24 30 48 8b 5c 24 38 48 8b 74 24 40 48 83 c4 


Register to memory mapping:

RAX=0x000000000630a5f0 is pointing into the stack for thread: 0x0000000006caa800
RBX=0x0000000000000006 is an unknown value
RCX=0x0000000000005000 is an unknown value
RDX=0x0000000000000006 is an unknown value
RSP=0x000000000630f5f0 is pointing into the stack for thread: 0x0000000006caa800
RBP=0x0000000000000000 is an unknown value
RSI=0x000000000630f5f0 is pointing into the stack for thread: 0x0000000006caa800
RDI=0x0000000000000006 is an unknown value
R8 =0x0000000000000006 is an unknown value
R9 =0x000000005cd4f240 is an unknown value
R10={method} {0x000000000391d908} 'run' '()V' in 'java/lang/Thread'
R11=0x000000000621a148 is pointing into the stack for thread: 0x0000000006caa800
R12=0x000000005cd4f240 is an unknown value
R13=0x0000000006caa800 is a thread
R14=0x000000000630f6b8 is pointing into the stack for thread: 0x0000000006caa800
R15={method} {0x000000000391d908} 'run' '()V' in 'java/lang/Thread'


Stack: [0x0000000006210000,0x0000000006310000],  sp=0x000000000630f5f0,  free space=1021k
Native frames: (J=compiled Java code, j=interpreted, Vv=VM code, C=native code)


---------------  P R O C E S S  ---------------

Java Threads: ( => current thread )
  0x0000000006cab800 JavaThread "qtp691096777-22" [_thread_blocked, id=8412, stack(0x0000000062d30000,0x0000000062e30000)]
=>0x0000000006caa800 JavaThread "qtp691096777-21" [_thread_in_vm, id=10780, stack(0x0000000006210000,0x0000000006310000)]
  0x0000000006caa000 JavaThread "qtp691096777-20" [_thread_blocked, id=11508, stack(0x000000005d6b0000,0x000000005d7b0000)]
  0x0000000006ca9000 JavaThread "qtp691096777-19" [_thread_blocked, id=9260, stack(0x000000005d880000,0x000000005d980000)]
  0x0000000006ca8800 JavaThread "qtp691096777-18" [_thread_blocked, id=12640, stack(0x000000005d4a0000,0x000000005d5a0000)]
  0x0000000006ca7800 JavaThread "qtp691096777-17" [_thread_blocked, id=13692, stack(0x000000005d5a0000,0x000000005d6a0000)]
  0x0000000006ca7000 JavaThread "qtp691096777-16" [_thread_blocked, id=10536, stack(0x000000005d380000,0x000000005d480000)]
  0x0000000006ca6000 JavaThread "qtp691096777-15" [_thread_blocked, id=16292, stack(0x000000005d1f0000,0x000000005d2f0000)]
  0x0000000006ca5800 JavaThread "qtp691096777-14" [_thread_blocked, id=5032, stack(0x0000000007220000,0x0000000007320000)]
  0x0000000006ca4800 JavaThread "qtp691096777-13" [_thread_blocked, id=2508, stack(0x000000005bb80000,0x000000005bc80000)]
  0x0000000005963000 JavaThread "Service Thread" daemon [_thread_blocked, id=11652, stack(0x0000000006310000,0x0000000006410000)]
  0x00000000042ef000 JavaThread "C1 CompilerThread2" daemon [_thread_blocked, id=4348, stack(0x0000000005ea0000,0x0000000005fa0000)]
  0x00000000042ed800 JavaThread "C2 CompilerThread1" daemon [_thread_blocked, id=14348, stack(0x0000000006110000,0x0000000006210000)]
  0x00000000058cd800 JavaThread "C2 CompilerThread0" daemon [_thread_blocked, id=8988, stack(0x0000000005fc0000,0x00000000060c0000)]
  0x00000000058cc000 JavaThread "Attach Listener" daemon [_thread_blocked, id=6348, stack(0x0000000005670000,0x0000000005770000)]
  0x00000000058cb000 JavaThread "Signal Dispatcher" daemon [_thread_blocked, id=14812, stack(0x0000000005d30000,0x0000000005e30000)]
  0x00000000042c7800 JavaThread "Finalizer" daemon [_thread_blocked, id=6060, stack(0x00000000057c0000,0x00000000058c0000)]
  0x0000000004280000 JavaThread "Reference Handler" daemon [_thread_blocked, id=15396, stack(0x0000000005510000,0x0000000005610000)]
  0x0000000002159000 JavaThread "main" [_thread_blocked, id=11060, stack(0x0000000002520000,0x0000000002620000)]

Other Threads:
  0x0000000004278000 VMThread [stack: 0x00000000053d0000,0x00000000054d0000] [id=7328]
  0x0000000005965800 WatcherThread [stack: 0x0000000006500000,0x0000000006600000] [id=6700]

VM state:synchronizing (normal execution)

VM Mutex/Monitor currently owned by a thread:  ([mutex/lock_event])
[0x000000000211d980] Threads_lock - owner thread: 0x0000000004278000

Heap:
 PSYoungGen      total 304640K, used 277513K [0x00000000d5a00000, 0x00000000ecd00000, 0x0000000100000000)
  eden space 241664K, 96% used [0x00000000d5a00000,0x00000000e3d62470,0x00000000e4600000)
  from space 62976K, 70% used [0x00000000e8780000,0x00000000eb320348,0x00000000ec500000)
  to   space 67072K, 0% used [0x00000000e4600000,0x00000000e4600000,0x00000000e8780000)
 ParOldGen       total 87552K, used 47169K [0x0000000080e00000, 0x0000000086380000, 0x00000000d5a00000)
  object space 87552K, 53% used [0x0000000080e00000,0x0000000083c105a8,0x0000000086380000)
 Metaspace       used 19441K, capacity 19860K, committed 19968K, reserved 1067008K
  class space    used 2161K, capacity 2293K, committed 2304K, reserved 1048576K

Card table byte_map: [0x00000000029e0000,0x0000000002de0000] byte_map_base: 0x00000000025d9000

Marking Bits: (ParMarkBitMap*) 0x0000000007b69d00
 Begin Bits: [0x0000000016bf0000, 0x0000000018bb8000)
 End Bits:   [0x0000000018bb8000, 0x000000001ab80000)

Polling page: 0x0000000000220000

CodeCache: size=245760Kb used=13371Kb max_used=13371Kb free=232388Kb
 bounds [0x0000000007bf0000, 0x0000000008930000, 0x0000000016bf0000]
 total_blobs=3776 nmethods=3429 adapters=260
 compilation: enabled

Compilation events (10 events):
Event: 32.626 Thread 0x00000000058cd800 4042       4       java.util.regex.Pattern$GroupHead::match (47 bytes)
Event: 32.627 Thread 0x00000000042ed800 4044       4       java.lang.Character::isISOControl (5 bytes)
Event: 32.627 Thread 0x00000000042ef000 4043  s    3       java.lang.Throwable::getOurStackTrace (80 bytes)
Event: 32.627 Thread 0x00000000058cd800 nmethod 4042 0x00000000086e47d0 code [0x00000000086e4920, 0x00000000086e4a38]
Event: 32.627 Thread 0x00000000042ed800 nmethod 4044 0x0000000008638bd0 code [0x0000000008638d00, 0x0000000008638d78]
Event: 32.627 Thread 0x00000000042ef000 nmethod 4043 0x0000000007eb91d0 code [0x0000000007eb9380, 0x0000000007eb9bb8]
Event: 32.627 Thread 0x00000000042ef000 4045       3       org.eclipse.jetty.util.log.StdErrLog::escape (98 bytes)
Event: 32.628 Thread 0x00000000042ef000 nmethod 4045 0x0000000007eb6f90 code [0x0000000007eb7220, 0x0000000007eb8548]
Event: 32.628 Thread 0x00000000042ef000 4046       3       java.util.Formatter$Flags::contains (22 bytes)
Event: 32.628 Thread 0x00000000042ef000 nmethod 4046 0x00000000086e4390 code [0x00000000086e4500, 0x00000000086e4710]

GC Heap History (10 events):
Event: 28.324 GC heap before
{Heap before GC invocations=24 (full 0):
 PSYoungGen      total 139264K, used 138912K [0x00000000d5a00000, 0x00000000e3280000, 0x0000000100000000)
  eden space 110080K, 100% used [0x00000000d5a00000,0x00000000dc580000,0x00000000dc580000)
  from space 29184K, 98% used [0x00000000dc580000,0x00000000de1a8220,0x00000000de200000)
  to   space 33792K, 0% used [0x00000000e1180000,0x00000000e1180000,0x00000000e3280000)
 ParOldGen       total 87552K, used 30880K [0x0000000080e00000, 0x0000000086380000, 0x00000000d5a00000)
  object space 87552K, 35% used [0x0000000080e00000,0x0000000082c282f0,0x0000000086380000)
 Metaspace       used 19400K, capacity 19796K, committed 19968K, reserved 1067008K
  class space    used 2160K, capacity 2293K, committed 2304K, reserved 1048576K
Event: 28.359 GC heap after
Heap after GC invocations=24 (full 0):
 PSYoungGen      total 183808K, used 29280K [0x00000000d5a00000, 0x00000000e3a80000, 0x0000000100000000)
  eden space 150016K, 0% used [0x00000000d5a00000,0x00000000d5a00000,0x00000000dec80000)
  from space 33792K, 86% used [0x00000000e1180000,0x00000000e2e181f0,0x00000000e3280000)
  to   space 37888K, 0% used [0x00000000dec80000,0x00000000dec80000,0x00000000e1180000)
 ParOldGen       total 87552K, used 32076K [0x0000000080e00000, 0x0000000086380000, 0x00000000d5a00000)
  object space 87552K, 36% used [0x0000000080e00000,0x0000000082d53070,0x0000000086380000)
 Metaspace       used 19400K, capacity 19796K, committed 19968K, reserved 1067008K
  class space    used 2160K, capacity 2293K, committed 2304K, reserved 1048576K
}
Event: 29.125 GC heap before
{Heap before GC invocations=25 (full 0):
 PSYoungGen      total 183808K, used 179296K [0x00000000d5a00000, 0x00000000e3a80000, 0x0000000100000000)
  eden space 150016K, 100% used [0x00000000d5a00000,0x00000000dec80000,0x00000000dec80000)
  from space 33792K, 86% used [0x00000000e1180000,0x00000000e2e181f0,0x00000000e3280000)
  to   space 37888K, 0% used [0x00000000dec80000,0x00000000dec80000,0x00000000e1180000)
 ParOldGen       total 87552K, used 32083K [0x0000000080e00000, 0x0000000086380000, 0x00000000d5a00000)
  object space 87552K, 36% used [0x0000000080e00000,0x0000000082d54c58,0x0000000086380000)
 Metaspace       used 19417K, capacity 19860K, committed 19968K, reserved 1067008K
  class space    used 2160K, capacity 2293K, committed 2304K, reserved 1048576K
Event: 29.182 GC heap after
Heap after GC invocations=25 (full 0):
 PSYoungGen      total 187904K, used 37866K [0x00000000d5a00000, 0x00000000e7280000, 0x0000000100000000)
  eden space 150016K, 0% used [0x00000000d5a00000,0x00000000d5a00000,0x00000000dec80000)
  from space 37888K, 99% used [0x00000000dec80000,0x00000000e117a898,0x00000000e1180000)
  to   space 46080K, 0% used [0x00000000e4580000,0x00000000e4580000,0x00000000e7280000)
 ParOldGen       total 87552K, used 37317K [0x0000000080e00000, 0x0000000086380000, 0x00000000d5a00000)
  object space 87552K, 42% used [0x0000000080e00000,0x0000000083271720,0x0000000086380000)
 Metaspace       used 19417K, capacity 19860K, committed 19968K, reserved 1067008K
  class space    used 2160K, capacity 2293K, committed 2304K, reserved 1048576K
}
Event: 30.121 GC heap before
{Heap before GC invocations=26 (full 0):
 PSYoungGen      total 187904K, used 187882K [0x00000000d5a00000, 0x00000000e7280000, 0x0000000100000000)
  eden space 150016K, 100% used [0x00000000d5a00000,0x00000000dec80000,0x00000000dec80000)
  from space 37888K, 99% used [0x00000000dec80000,0x00000000e117a898,0x00000000e1180000)
  to   space 46080K, 0% used [0x00000000e4580000,0x00000000e4580000,0x00000000e7280000)
 ParOldGen       total 87552K, used 37326K [0x0000000080e00000, 0x0000000086380000, 0x00000000d5a00000)
  object space 87552K, 42% used [0x0000000080e00000,0x0000000083273908,0x0000000086380000)
 Metaspace       used 19423K, capacity 19860K, committed 19968K, reserved 1067008K
  class space    used 2160K, capacity 2293K, committed 2304K, reserved 1048576K
Event: 30.184 GC heap after
Heap after GC invocations=26 (full 0):
 PSYoungGen      total 235008K, used 40822K [0x00000000d5a00000, 0x00000000e7e80000, 0x0000000100000000)
  eden space 188928K, 0% used [0x00000000d5a00000,0x00000000d5a00000,0x00000000e1280000)
  from space 46080K, 88% used [0x00000000e4580000,0x00000000e6d5d830,0x00000000e7280000)
  to   space 52224K, 0% used [0x00000000e1280000,0x00000000e1280000,0x00000000e4580000)
 ParOldGen       total 87552K, used 39582K [0x0000000080e00000, 0x0000000086380000, 0x00000000d5a00000)
  object space 87552K, 45% used [0x0000000080e00000,0x00000000834a7948,0x0000000086380000)
 Metaspace       used 19423K, capacity 19860K, committed 19968K, reserved 1067008K
  class space    used 2160K, capacity 2293K, committed 2304K, reserved 1048576K
}
Event: 30.949 GC heap before
{Heap before GC invocations=27 (full 0):
 PSYoungGen      total 235008K, used 229750K [0x00000000d5a00000, 0x00000000e7e80000, 0x0000000100000000)
  eden space 188928K, 100% used [0x00000000d5a00000,0x00000000e1280000,0x00000000e1280000)
  from space 46080K, 88% used [0x00000000e4580000,0x00000000e6d5d830,0x00000000e7280000)
  to   space 52224K, 0% used [0x00000000e1280000,0x00000000e1280000,0x00000000e4580000)
 ParOldGen       total 87552K, used 39586K [0x0000000080e00000, 0x0000000086380000, 0x00000000d5a00000)
  object space 87552K, 45% used [0x0000000080e00000,0x00000000834a8b08,0x0000000086380000)
 Metaspace       used 19426K, capacity 19860K, committed 19968K, reserved 1067008K
  class space    used 2160K, capacity 2293K, committed 2304K, reserved 1048576K
Event: 31.004 GC heap after
Heap after GC invocations=27 (full 0):
 PSYoungGen      total 241152K, used 52207K [0x00000000d5a00000, 0x00000000ec500000, 0x0000000100000000)
  eden space 188928K, 0% used [0x00000000d5a00000,0x00000000d5a00000,0x00000000e1280000)
  from space 52224K, 99% used [0x00000000e1280000,0x00000000e457bd80,0x00000000e4580000)
  to   space 62976K, 0% used [0x00000000e8780000,0x00000000e8780000,0x00000000ec500000)
 ParOldGen       total 87552K, used 44881K [0x0000000080e00000, 0x0000000086380000, 0x00000000d5a00000)
  object space 87552K, 51% used [0x0000000080e00000,0x00000000839d4598,0x0000000086380000)
 Metaspace       used 19426K, capacity 19860K, committed 19968K, reserved 1067008K
  class space    used 2160K, capacity 2293K, committed 2304K, reserved 1048576K
}
Event: 31.687 GC heap before
{Heap before GC invocations=28 (full 0):
 PSYoungGen      total 241152K, used 241135K [0x00000000d5a00000, 0x00000000ec500000, 0x0000000100000000)
  eden space 188928K, 100% used [0x00000000d5a00000,0x00000000e1280000,0x00000000e1280000)
  from space 52224K, 99% used [0x00000000e1280000,0x00000000e457bd80,0x00000000e4580000)
  to   space 62976K, 0% used [0x00000000e8780000,0x00000000e8780000,0x00000000ec500000)
 ParOldGen       total 87552K, used 44881K [0x0000000080e00000, 0x0000000086380000, 0x00000000d5a00000)
  object space 87552K, 51% used [0x0000000080e00000,0x00000000839d4598,0x0000000086380000)
 Metaspace       used 19435K, capacity 19860K, committed 19968K, reserved 1067008K
  class space    used 2160K, capacity 2293K, committed 2304K, reserved 1048576K
Event: 31.745 GC heap after
Heap after GC invocations=28 (full 0):
 PSYoungGen      total 304640K, used 44672K [0x00000000d5a00000, 0x00000000ecd00000, 0x0000000100000000)
  eden space 241664K, 0% used [0x00000000d5a00000,0x00000000d5a00000,0x00000000e4600000)
  from space 62976K, 70% used [0x00000000e8780000,0x00000000eb320348,0x00000000ec500000)
  to   space 67072K, 0% used [0x00000000e4600000,0x00000000e4600000,0x00000000e8780000)
 ParOldGen       total 87552K, used 47169K [0x0000000080e00000, 0x0000000086380000, 0x00000000d5a00000)
  object space 87552K, 53% used [0x0000000080e00000,0x0000000083c105a8,0x0000000086380000)
 Metaspace       used 19435K, capacity 19860K, committed 19968K, reserved 1067008K
  class space    used 2160K, capacity 2293K, committed 2304K, reserved 1048576K
}

Deoptimization events (10 events):
Event: 28.067 Thread 0x0000000006ca6000 Uncommon trap: reason=unstable_if action=reinterpret pc=0x0000000008862aa0 method=org.eclipse.jetty.annotations.AnnotationConfiguration$WebAppClassNameResolver.isExcluded(Ljava/lang/String;)Z @ 21
Event: 28.067 Thread 0x0000000006ca6000 Uncommon trap: reason=unstable_if action=reinterpret pc=0x0000000007f5490c method=org.eclipse.jetty.annotations.AnnotationConfiguration$WebAppClassNameResolver.isExcluded(Ljava/lang/String;)Z @ 21
Event: 28.622 Thread 0x0000000006caa000 Uncommon trap: reason=unstable_if action=reinterpret pc=0x00000000088a2060 method=org.objectweb.asm.ClassReader.accept(Lorg/objectweb/asm/ClassVisitor;[Lorg/objectweb/asm/Attribute;I)V @ 986
Event: 28.622 Thread 0x0000000006caa000 Uncommon trap: reason=unstable_if action=reinterpret pc=0x0000000008894274 method=org.objectweb.asm.ClassReader.b(Lorg/objectweb/asm/ClassVisitor;Lorg/objectweb/asm/Context;I)I @ 1068
Event: 28.631 Thread 0x0000000006caa000 Uncommon trap: reason=unstable_if action=reinterpret pc=0x0000000008234da4 method=java.util.concurrent.ConcurrentHashMap.addCount(JI)V @ 34
Event: 28.692 Thread 0x0000000006ca8800 Uncommon trap: reason=unstable_if action=reinterpret pc=0x000000000801302c method=java.util.concurrent.ConcurrentHashMap.addCount(JI)V @ 7
Event: 29.836 Thread 0x0000000006ca8800 Uncommon trap: reason=unstable_if action=reinterpret pc=0x00000000088ec744 method=org.objectweb.asm.ClassReader.accept(Lorg/objectweb/asm/ClassVisitor;[Lorg/objectweb/asm/Attribute;I)V @ 516
Event: 31.069 Thread 0x0000000006ca7000 Uncommon trap: reason=unstable_if action=reinterpret pc=0x0000000007d9e784 method=java.util.concurrent.ConcurrentHashMap.addCount(JI)V @ 97
Event: 31.220 Thread 0x0000000006ca8800 Uncommon trap: reason=unstable_if action=reinterpret pc=0x00000000088cd48c method=org.objectweb.asm.ClassReader.b(Lorg/objectweb/asm/ClassVisitor;Lorg/objectweb/asm/Context;I)I @ 428
Event: 31.329 Thread 0x0000000006ca7800 Uncommon trap: reason=unstable_if action=reinterpret pc=0x00000000087178ac method=java.util.concurrent.ConcurrentHashMap.addCount(JI)V @ 97

Internal exceptions (10 events):
Event: 22.234 Thread 0x0000000002159000 Exception <a 'java/security/PrivilegedActionException'> (0x00000000d752ae40) thrown at [C:\src\android\AOSP-openjdk\external\jetbrains\jdk\hotspot\src\share\vm\prims\jvm.cpp, line 1386]
Event: 24.169 Thread 0x0000000002159000 Exception <a 'java/security/PrivilegedActionException'> (0x00000000d75ec848) thrown at [C:\src\android\AOSP-openjdk\external\jetbrains\jdk\hotspot\src\share\vm\prims\jvm.cpp, line 1386]
Event: 24.169 Thread 0x0000000002159000 Exception <a 'java/security/PrivilegedActionException'> (0x00000000d75ece28) thrown at [C:\src\android\AOSP-openjdk\external\jetbrains\jdk\hotspot\src\share\vm\prims\jvm.cpp, line 1386]
Event: 32.624 Thread 0x0000000006ca6000 Exception <a 'java/lang/OutOfMemoryError'> (0x00000000e3c35410) thrown at [C:\src\android\AOSP-openjdk\external\jetbrains\jdk\hotspot\src\share\vm\prims\jni.cpp, line 735]
Event: 32.624 Thread 0x0000000006ca4800 Exception <a 'java/lang/OutOfMemoryError'> (0x00000000e3cb31e0) thrown at [C:\src\android\AOSP-openjdk\external\jetbrains\jdk\hotspot\src\share\vm\prims\jni.cpp, line 735]
Event: 32.625 Thread 0x0000000006ca7800 Exception <a 'java/lang/OutOfMemoryError'> (0x00000000e3030650) thrown at [C:\src\android\AOSP-openjdk\external\jetbrains\jdk\hotspot\src\share\vm\prims\jni.cpp, line 735]
Event: 32.625 Thread 0x0000000006caa000 Exception <a 'java/lang/OutOfMemoryError'> (0x00000000e393cc98) thrown at [C:\src\android\AOSP-openjdk\external\jetbrains\jdk\hotspot\src\share\vm\prims\jni.cpp, line 735]
Event: 32.626 Thread 0x0000000006ca5800 Exception <a 'java/lang/OutOfMemoryError'> (0x00000000e3b90060) thrown at [C:\src\android\AOSP-openjdk\external\jetbrains\jdk\hotspot\src\share\vm\prims\jni.cpp, line 735]
Event: 32.626 Thread 0x0000000006ca8800 Exception <a 'java/lang/OutOfMemoryError'> (0x00000000e3a84b38) thrown at [C:\src\android\AOSP-openjdk\external\jetbrains\jdk\hotspot\src\share\vm\prims\jni.cpp, line 735]
Event: 32.627 Thread 0x0000000006ca9000 Exception <a 'java/lang/OutOfMemoryError'> (0x00000000e3b31950) thrown at [C:\src\android\AOSP-openjdk\external\jetbrains\jdk\hotspot\src\share\vm\prims\jni.cpp, line 735]

Events (10 events):
Event: 31.329 Thread 0x0000000006ca7800 DEOPT UNPACKING pc=0x0000000007c3556a sp=0x000000005d69e9b8 mode 2
Event: 31.687 Executing VM operation: ParallelGCFailedAllocation
Event: 31.745 Executing VM operation: ParallelGCFailedAllocation done
Event: 32.624 loading class java/util/zip/DataFormatException
Event: 32.624 loading class java/util/zip/DataFormatException done
Event: 32.624 Executing VM operation: RevokeBias
Event: 32.624 Executing VM operation: RevokeBias done
Event: 32.626 Thread 0x0000000006caa800 Thread added: 0x0000000006caa800
Event: 32.628 Thread 0x0000000006cab800 Thread added: 0x0000000006cab800
Event: 32.628 Executing VM operation: RevokeBias


Dynamic libraries:
0x000000013fa00000 - 0x000000013fa31000 	C:\Program Files (x86)\Java\jre8\bin\java.exe
0x0000000077310000 - 0x00000000774ba000 	C:\Windows\SYSTEM32\ntdll.dll
0x00000000771f0000 - 0x000000007730f000 	C:\Windows\system32\kernel32.dll
0x000007fefd2a0000 - 0x000007fefd30a000 	C:\Windows\system32\KERNELBASE.dll
0x000007fefd620000 - 0x000007fefd6fb000 	C:\Windows\system32\ADVAPI32.dll
0x000007fefd730000 - 0x000007fefd7cf000 	C:\Windows\system32\msvcrt.dll
0x000007feff4b0000 - 0x000007feff4cf000 	C:\Windows\SYSTEM32\sechost.dll
0x000007fefdd40000 - 0x000007fefde6d000 	C:\Windows\system32\RPCRT4.dll
0x00000000770f0000 - 0x00000000771ea000 	C:\Windows\system32\USER32.dll
0x000007fefe4d0000 - 0x000007fefe537000 	C:\Windows\system32\GDI32.dll
0x000007fefe440000 - 0x000007fefe44e000 	C:\Windows\system32\LPK.dll
0x000007fefd7d0000 - 0x000007fefd89a000 	C:\Windows\system32\USP10.dll
0x000007fefb7e0000 - 0x000007fefb9d4000 	C:\Windows\WinSxS\amd64_microsoft.windows.common-controls_6595b64144ccf1df_6.0.7601.18837_none_fa3b1e3d17594757\COMCTL32.dll
0x000007fefdcc0000 - 0x000007fefdd31000 	C:\Windows\system32\SHLWAPI.dll
0x000007fefd700000 - 0x000007fefd72e000 	C:\Windows\system32\IMM32.DLL
0x000007fefd8a0000 - 0x000007fefd9a9000 	C:\Windows\system32\MSCTF.dll
0x0000000066c80000 - 0x0000000066d52000 	C:\Program Files (x86)\Java\jre8\jre\bin\msvcr100.dll
0x00000000073b0000 - 0x0000000007be4000 	C:\Program Files (x86)\Java\jre8\jre\bin\server\jvm.dll
0x000007fef73e0000 - 0x000007fef73e9000 	C:\Windows\system32\WSOCK32.dll
0x000007fefde70000 - 0x000007fefdebd000 	C:\Windows\system32\WS2_32.dll
0x000007fefda50000 - 0x000007fefda58000 	C:\Windows\system32\NSI.dll
0x000007fefb230000 - 0x000007fefb26b000 	C:\Windows\system32\WINMM.dll
0x000007fefc760000 - 0x000007fefc76c000 	C:\Windows\system32\VERSION.dll
0x00000000774e0000 - 0x00000000774e7000 	C:\Windows\system32\PSAPI.DLL
0x000007fef85c0000 - 0x000007fef85cf000 	C:\Program Files (x86)\Java\jre8\jre\bin\verify.dll
0x000007fef77c0000 - 0x000007fef77e9000 	C:\Program Files (x86)\Java\jre8\jre\bin\java.dll
0x000007fef7ca0000 - 0x000007fef7cb6000 	C:\Program Files (x86)\Java\jre8\jre\bin\zip.dll
0x000007fefe540000 - 0x000007feff2c9000 	C:\Windows\system32\SHELL32.dll
0x000007fefdec0000 - 0x000007fefe0c3000 	C:\Windows\system32\ole32.dll
0x000007fefd1f0000 - 0x000007fefd1ff000 	C:\Windows\system32\profapi.dll
0x000007fef7690000 - 0x000007fef76aa000 	C:\Program Files (x86)\Java\jre8\jre\bin\net.dll
0x000007fefca90000 - 0x000007fefcae5000 	C:\Windows\system32\mswsock.dll
0x000007fefca80000 - 0x000007fefca87000 	C:\Windows\System32\wship6.dll
0x000007fef7280000 - 0x000007fef7291000 	C:\Program Files (x86)\Java\jre8\jre\bin\nio.dll
0x000007fef8210000 - 0x000007fef821d000 	C:\Program Files (x86)\Java\jre8\jre\bin\management.dll

VM Arguments:
jvm_args: -Dclassworlds.conf=D:\project\apache-maven-3.2.1\bin\..\bin\m2.conf -Dmaven.home=D:\project\apache-maven-3.2.1\bin\.. 
java_command: org.codehaus.plexus.classworlds.launcher.Launcher jetty:run
java_class_path (initial): D:\project\apache-maven-3.2.1\bin\..\boot\plexus-classworlds-2.5.1.jar
Launcher Type: SUN_STANDARD

Environment Variables:
JAVA_HOME=C:\Program Files (x86)\Java\jre8
CLASSPATH=.;D:\develop\apache-ant-1.9.6\lib;C:\Program Files (x86)\QuickTime\QTSystem\QTJava.zip
PATH=C:\Windows\System32\Wbem;c:\gtk\bin;C:\Windows\System32;.;D:\Develop\gradle-2.13/bin;D:\Develop\mySdk_2.3.4\platform-tools;D:\Develop\mySdk_2.3.4\tools;C:\Users\Administrator\Desktop\test\ffmpegaa\bin;D:\Program Files (x86)\7-Zip;C:\Users\Administrator\AppData\Roaming\npm;D:\sshclient;D:\Develop\nodejs;D:\project\apache-maven-3.2.1\bin;D:\Develop\ffmpeg\bin;D:\Program Files\Git\cmd;F:\Program Files (x86)\Microsoft SQL Server\100\Tools\Binn\;F:\Program Files\Microsoft SQL Server\100\Tools\Binn\;F:\Program Files\Microsoft SQL Server\100\DTS\Binn\;F:\Program Files (x86)\Microsoft SQL Server\100\Tools\Binn\VSShell\Common7\IDE\;F:\Program Files (x86)\Microsoft SQL Server\100\DTS\Binn\;C:\Program Files (x86)\Microsoft Visual Studio 9.0\Common7\IDE\PrivateAssemblies\;C:\Program Files (x86)\Java\jre8\bin;F:\Program Files\PuTTY\;D:\Develop\apache-ant-1.9.6\bin;F:\Program Files\matlab\runtime\win64;F:\Program Files\matlab\bin;F:\Program Files\matlab\polyspace\bin;D:\Develop\android-ndk-r14b;F:\Python35\Scripts\;F:\Python35\;.;D:\Develop\gradle-2.13/bin;D:\Develop\mySdk_2.3.4\platform-tools;D:\Develop\mySdk_2.3.4\tools;C:\Users\Administrator\Desktop\test\ffmpegaa\bin;D:\Program Files (x86)\7-Zip;C:\Users\Administrator\AppData\Roaming\npm;D:\sshclient;D:\Develop\nodejs;D:\project\apache-maven-3.2.1\bin;D:\Develop\ffmpeg\bin
USERNAME=Administrator
OS=Windows_NT
PROCESSOR_IDENTIFIER=Intel64 Family 6 Model 60 Stepping 3, GenuineIntel



---------------  S Y S T E M  ---------------

OS: Windows 7 , 64 bit Build 7601 (6.1.7601.23677)

CPU:total 4 (4 cores per cpu, 1 threads per core) family 6 model 60 stepping 3, cmov, cx8, fxsr, mmx, sse, sse2, sse3, ssse3, sse4.1, sse4.2, popcnt, avx, avx2, aes, clmul, erms, rtm, lzcnt, tsc, tscinvbit, bmi1, bmi2

Memory: 4k page, physical 8326896k(874768k free), swap 27105036k(4984k free)

vm_info: OpenJDK 64-Bit Server VM (25.76-b03) for windows-amd64 JRE (1.8.0_76-release-b03), built on Jun 29 2016 19:09:20 by "ralucas" with MS VC++ 10.0 (VS2010)

time: Sat Dec 29 23:25:43 2018
elapsed time: 32 seconds (0d 0h 0m 32s)

